Flow report for portaAnd
Mon Mar 23 22:56:53 2020
Quartus II 64-Bit Version 14.1.0 Build 186 12/03/2014 SJ Web Edition


---------------------
; Table of Contents ;
---------------------
  1. Legal Notice
  2. Flow Summary
  3. Flow Settings
  4. Flow Non-Default Global Settings
  5. Flow Elapsed Time
  6. Flow OS Summary
  7. Flow Log
  8. Flow Messages
  9. Flow Suppressed Messages



----------------
; Legal Notice ;
----------------
Copyright (C) 1991-2014 Altera Corporation. All rights reserved.
Your use of Altera Corporation's design tools, logic functions 
and other software and tools, and its AMPP partner logic 
functions, and any output files from any of the foregoing 
(including device programming or simulation files), and any 
associated documentation or information are expressly subject 
to the terms and conditions of the Altera Program License 
Subscription Agreement, the Altera Quartus II License Agreement,
the Altera MegaCore Function License Agreement, or other 
applicable license agreement, including, without limitation, 
that your use is for the sole purpose of programming logic 
devices manufactured by Altera and sold by Altera or its 
authorized distributors.  Please refer to the applicable 
agreement for further details.



+------------------------------------------------------------------------------+
; Flow Summary                                                                 ;
+---------------------------------+--------------------------------------------+
; Flow Status                     ; Successful - Mon Mar 23 22:56:53 2020      ;
; Quartus II 64-Bit Version       ; 14.1.0 Build 186 12/03/2014 SJ Web Edition ;
; Revision Name                   ; portaAnd                                   ;
; Top-level Entity Name           ; portaAnd                                   ;
; Family                          ; Cyclone V                                  ;
; Device                          ; 5CEBA4F23C7                                ;
; Timing Models                   ; Final                                      ;
; Logic utilization (in ALMs)     ; 1 / 18,480 ( < 1 % )                       ;
; Total registers                 ; 0                                          ;
; Total pins                      ; 3 / 224 ( 1 % )                            ;
; Total virtual pins              ; 0                                          ;
; Total block memory bits         ; 0 / 3,153,920 ( 0 % )                      ;
; Total DSP Blocks                ; 0 / 66 ( 0 % )                             ;
; Total HSSI RX PCSs              ; 0                                          ;
; Total HSSI PMA RX Deserializers ; 0                                          ;
; Total HSSI TX PCSs              ; 0                                          ;
; Total HSSI PMA TX Serializers   ; 0                                          ;
; Total PLLs                      ; 0 / 4 ( 0 % )                              ;
; Total DLLs                      ; 0 / 4 ( 0 % )                              ;
+---------------------------------+--------------------------------------------+


+-----------------------------------------+
; Flow Settings                           ;
+-------------------+---------------------+
; Option            ; Setting             ;
+-------------------+---------------------+
; Start date & time ; 03/23/2020 22:21:47 ;
; Main task         ; Compilation         ;
; Revision Name     ; portaAnd            ;
+-------------------+---------------------+


+----------------------------------------------------------------------------------------------------------------------+
; Flow Non-Default Global Settings                                                                                     ;
+-------------------------------------+---------------------------------+---------------+-------------+----------------+
; Assignment Name                     ; Value                           ; Default Value ; Entity Name ; Section Id     ;
+-------------------------------------+---------------------------------+---------------+-------------+----------------+
; COMPILER_SIGNATURE_ID               ; 102021905564650.158501290714828 ; --            ; --          ; --             ;
; EDA_OUTPUT_DATA_FORMAT              ; Vhdl                            ; --            ; --          ; eda_simulation ;
; EDA_SIMULATION_TOOL                 ; ModelSim-Altera (VHDL)          ; <None>        ; --          ; --             ;
; MAX_CORE_JUNCTION_TEMP              ; 85                              ; --            ; --          ; --             ;
; MIN_CORE_JUNCTION_TEMP              ; 0                               ; --            ; --          ; --             ;
; OUTPUT_IO_TIMING_FAR_END_VMEAS      ; Half Signal Swing               ; --            ; --          ; --             ;
; OUTPUT_IO_TIMING_FAR_END_VMEAS      ; Half Signal Swing               ; --            ; --          ; --             ;
; OUTPUT_IO_TIMING_NEAR_END_VMEAS     ; Half Vccio                      ; --            ; --          ; --             ;
; OUTPUT_IO_TIMING_NEAR_END_VMEAS     ; Half Vccio                      ; --            ; --          ; --             ;
; PARTITION_COLOR                     ; 16764057                        ; --            ; --          ; Top            ;
; PARTITION_FITTER_PRESERVATION_LEVEL ; PLACEMENT_AND_ROUTING           ; --            ; --          ; Top            ;
; PARTITION_NETLIST_TYPE              ; SOURCE                          ; --            ; --          ; Top            ;
; PROJECT_OUTPUT_DIRECTORY            ; output_files                    ; --            ; --          ; --             ;
+-------------------------------------+---------------------------------+---------------+-------------+----------------+


+-------------------------------------------------------------------------------------------------------------------------------+
; Flow Elapsed Time                                                                                                             ;
+---------------------------+--------------+-------------------------+---------------------+------------------------------------+
; Module Name               ; Elapsed Time ; Average Processors Used ; Peak Virtual Memory ; Total CPU Time (on all processors) ;
+---------------------------+--------------+-------------------------+---------------------+------------------------------------+
; Analysis & Synthesis      ; 00:00:26     ; 1.0                     ; 4800 MB             ; 00:00:35                           ;
; Fitter                    ; 00:00:44     ; 1.0                     ; 6030 MB             ; 00:00:32                           ;
; Assembler                 ; 00:00:16     ; 1.0                     ; 4813 MB             ; 00:00:06                           ;
; TimeQuest Timing Analyzer ; 00:00:20     ; 1.0                     ; 4998 MB             ; 00:00:07                           ;
; EDA Netlist Writer        ; 00:00:12     ; 1.0                     ; 4731 MB             ; 00:00:02                           ;
; EDA Netlist Writer        ; 00:00:25     ; 1.0                     ; 4722 MB             ; 00:00:03                           ;
; EDA Netlist Writer        ; 00:00:13     ; 1.0                     ; 4726 MB             ; 00:00:02                           ;
; EDA Netlist Writer        ; 00:00:11     ; 1.0                     ; 4722 MB             ; 00:00:02                           ;
; EDA Netlist Writer        ; 00:00:12     ; 1.0                     ; 4726 MB             ; 00:00:01                           ;
; EDA Netlist Writer        ; 00:00:11     ; 1.0                     ; 4722 MB             ; 00:00:01                           ;
; EDA Netlist Writer        ; 00:00:12     ; 1.0                     ; 4726 MB             ; 00:00:02                           ;
; EDA Netlist Writer        ; 00:00:12     ; 1.0                     ; 4722 MB             ; 00:00:02                           ;
; EDA Netlist Writer        ; 00:00:12     ; 1.0                     ; 4726 MB             ; 00:00:02                           ;
; Total                     ; 00:03:46     ; --                      ; --                  ; 00:01:37                           ;
+---------------------------+--------------+-------------------------+---------------------+------------------------------------+


+----------------------------------------------------------------------------------------+
; Flow OS Summary                                                                        ;
+---------------------------+------------------+-----------+------------+----------------+
; Module Name               ; Machine Hostname ; OS Name   ; OS Version ; Processor type ;
+---------------------------+------------------+-----------+------------+----------------+
; Analysis & Synthesis      ; LAPTOP-4E5HN4SL  ; Windows 7 ; 6.2        ; x86_64         ;
; Fitter                    ; LAPTOP-4E5HN4SL  ; Windows 7 ; 6.2        ; x86_64         ;
; Assembler                 ; LAPTOP-4E5HN4SL  ; Windows 7 ; 6.2        ; x86_64         ;
; TimeQuest Timing Analyzer ; LAPTOP-4E5HN4SL  ; Windows 7 ; 6.2        ; x86_64         ;
; EDA Netlist Writer        ; LAPTOP-4E5HN4SL  ; Windows 7 ; 6.2        ; x86_64         ;
; EDA Netlist Writer        ; LAPTOP-4E5HN4SL  ; Windows 7 ; 6.2        ; x86_64         ;
; EDA Netlist Writer        ; LAPTOP-4E5HN4SL  ; Windows 7 ; 6.2        ; x86_64         ;
; EDA Netlist Writer        ; LAPTOP-4E5HN4SL  ; Windows 7 ; 6.2        ; x86_64         ;
; EDA Netlist Writer        ; LAPTOP-4E5HN4SL  ; Windows 7 ; 6.2        ; x86_64         ;
; EDA Netlist Writer        ; LAPTOP-4E5HN4SL  ; Windows 7 ; 6.2        ; x86_64         ;
; EDA Netlist Writer        ; LAPTOP-4E5HN4SL  ; Windows 7 ; 6.2        ; x86_64         ;
; EDA Netlist Writer        ; LAPTOP-4E5HN4SL  ; Windows 7 ; 6.2        ; x86_64         ;
; EDA Netlist Writer        ; LAPTOP-4E5HN4SL  ; Windows 7 ; 6.2        ; x86_64         ;
+---------------------------+------------------+-----------+------------+----------------+


------------
; Flow Log ;
------------
quartus_map --read_settings_files=on --write_settings_files=off portaAnd -c portaAnd
quartus_fit --read_settings_files=off --write_settings_files=off portaAnd -c portaAnd
quartus_asm --read_settings_files=off --write_settings_files=off portaAnd -c portaAnd
quartus_sta portaAnd -c portaAnd
quartus_eda --read_settings_files=off --write_settings_files=off portaAnd -c portaAnd
quartus_eda --gen_testbench --check_outputs=on --tool=modelsim_oem --format=verilog --write_settings_files=off portaAnd -c portaAnd --vector_source=C:/Users/pedro/Desktop/tutorial/Waveform.vwf --testbench_file=C:/Users/pedro/Desktop/tutorial/simulation/qsim/Waveform.vwf.vt
quartus_eda --write_settings_files=off --functional=on --flatten_buses=off --simulation=on --tool=modelsim_oem --format=verilog --output_directory=C:/Users/pedro/Desktop/tutorial/simulation/qsim/ portaAnd -c portaAnd
quartus_eda --gen_testbench --check_outputs=on --tool=modelsim_oem --format=verilog --write_settings_files=off portaAnd -c portaAnd --vector_source=C:/Users/pedro/Desktop/tutorial/Waveform.vwf --testbench_file=C:/Users/pedro/Desktop/tutorial/simulation/qsim/Waveform.vwf.vt
quartus_eda --write_settings_files=off --functional=on --flatten_buses=off --simulation=on --tool=modelsim_oem --format=verilog --output_directory=C:/Users/pedro/Desktop/tutorial/simulation/qsim/ portaAnd -c portaAnd
quartus_eda --gen_testbench --check_outputs=on --tool=modelsim_oem --format=verilog --write_settings_files=off portaAnd -c portaAnd --vector_source=C:/Users/pedro/Desktop/tutorial/Waveform.vwf --testbench_file=C:/Users/pedro/Desktop/tutorial/simulation/qsim/Waveform.vwf.vt
quartus_eda --write_settings_files=off --functional=on --flatten_buses=off --simulation=on --tool=modelsim_oem --format=verilog --output_directory=C:/Users/pedro/Desktop/tutorial/simulation/qsim/ portaAnd -c portaAnd
quartus_eda --gen_testbench --check_outputs=on --tool=modelsim_oem --format=verilog --write_settings_files=off portaAnd -c portaAnd --vector_source=C:/Users/pedro/Desktop/tutorial/Waveform.vwf --testbench_file=C:/Users/pedro/Desktop/tutorial/simulation/qsim/Waveform.vwf.vt
quartus_eda --write_settings_files=off --functional=on --flatten_buses=off --simulation=on --tool=modelsim_oem --format=verilog --output_directory=C:/Users/pedro/Desktop/tutorial/simulation/qsim/ portaAnd -c portaAnd



