Assembler report for portaAnd
Mon Mar 23 22:23:09 2020
Quartus II 64-Bit Version 14.1.0 Build 186 12/03/2014 SJ Web Edition


---------------------
; Table of Contents ;
---------------------
  1. Legal Notice
  2. Assembler Summary
  3. Assembler Settings
  4. Assembler Generated Files
  5. Assembler Device Options: C:/Users/pedro/Desktop/tutorial/output_files/portaAnd.sof
  6. Assembler Device Options: C:/Users/pedro/Desktop/tutorial/output_files/portaAnd.pof
  7. Assembler Messages



----------------
; Legal Notice ;
----------------
Copyright (C) 1991-2014 Altera Corporation. All rights reserved.
Your use of Altera Corporation's design tools, logic functions 
and other software and tools, and its AMPP partner logic 
functions, and any output files from any of the foregoing 
(including device programming or simulation files), and any 
associated documentation or information are expressly subject 
to the terms and conditions of the Altera Program License 
Subscription Agreement, the Altera Quartus II License Agreement,
the Altera MegaCore Function License Agreement, or other 
applicable license agreement, including, without limitation, 
that your use is for the sole purpose of programming logic 
devices manufactured by Altera and sold by Altera or its 
authorized distributors.  Please refer to the applicable 
agreement for further details.



+---------------------------------------------------------------+
; Assembler Summary                                             ;
+-----------------------+---------------------------------------+
; Assembler Status      ; Successful - Mon Mar 23 22:23:09 2020 ;
; Revision Name         ; portaAnd                              ;
; Top-level Entity Name ; portaAnd                              ;
; Family                ; Cyclone V                             ;
; Device                ; 5CEBA4F23C7                           ;
+-----------------------+---------------------------------------+


+----------------------------------+
; Assembler Settings               ;
+--------+---------+---------------+
; Option ; Setting ; Default Value ;
+--------+---------+---------------+


+-----------------------------------------------------------+
; Assembler Generated Files                                 ;
+-----------------------------------------------------------+
; File Name                                                 ;
+-----------------------------------------------------------+
; C:/Users/pedro/Desktop/tutorial/output_files/portaAnd.sof ;
; C:/Users/pedro/Desktop/tutorial/output_files/portaAnd.pof ;
+-----------------------------------------------------------+


+-------------------------------------------------------------------------------------+
; Assembler Device Options: C:/Users/pedro/Desktop/tutorial/output_files/portaAnd.sof ;
+----------------+--------------------------------------------------------------------+
; Option         ; Setting                                                            ;
+----------------+--------------------------------------------------------------------+
; Device         ; 5CEBA4F23C7                                                        ;
; JTAG usercode  ; 0x004DB82D                                                         ;
; Checksum       ; 0x004DB82D                                                         ;
+----------------+--------------------------------------------------------------------+


+-------------------------------------------------------------------------------------+
; Assembler Device Options: C:/Users/pedro/Desktop/tutorial/output_files/portaAnd.pof ;
+--------------------+----------------------------------------------------------------+
; Option             ; Setting                                                        ;
+--------------------+----------------------------------------------------------------+
; Device             ; EPCS16                                                         ;
; JTAG usercode      ; 0x00000000                                                     ;
; Checksum           ; 0x15165508                                                     ;
; Compression Ratio  ; 3                                                              ;
+--------------------+----------------------------------------------------------------+


+--------------------+
; Assembler Messages ;
+--------------------+
Info: *******************************************************************
Info: Running Quartus II 64-Bit Assembler
    Info: Version 14.1.0 Build 186 12/03/2014 SJ Web Edition
    Info: Processing started: Mon Mar 23 22:22:53 2020
Info: Command: quartus_asm --read_settings_files=off --write_settings_files=off portaAnd -c portaAnd
Info (115030): Assembler is generating device programming files
Info: Quartus II 64-Bit Assembler was successful. 0 errors, 1 warning
    Info: Peak virtual memory: 4813 megabytes
    Info: Processing ended: Mon Mar 23 22:23:09 2020
    Info: Elapsed time: 00:00:16
    Info: Total CPU time (on all processors): 00:00:06


